<?xml version="1.0" encoding="UTF-8"?>
<testsuite name="com.busanit501.dao.TodoDAOTests" tests="1" skipped="0" failures="0" errors="0" timestamp="2025-06-24T07:22:10" hostname="DESKTOP-U4QFL6E" time="0.135">
  <properties/>
  <testcase name="testUpdateOne()" classname="com.busanit501.dao.TodoDAOTests" time="0.135"/>
  <system-out><![CDATA[]]></system-out>
  <system-err><![CDATA[SLF4J: Failed to load class "org.slf4j.impl.StaticLoggerBinder".
SLF4J: Defaulting to no-operation (NOP) logger implementation
SLF4J: See http://www.slf4j.org/codes.html#StaticLoggerBinder for further details.
]]></system-err>
</testsuite>
