<?xml version="1.0" encoding="UTF-8"?>
<testsuite name="com.busanit501.dao.TodoDAOTests" tests="1" skipped="0" failures="0" errors="0" timestamp="2025-06-26T03:31:06" hostname="DESKTOP-U4QFL6E" time="0.562">
  <properties/>
  <testcase name="testSelectOne()" classname="com.busanit501.dao.TodoDAOTests" time="0.562"/>
  <system-out><![CDATA[12:31:06.673 [Test worker] INFO  com.zaxxer.hikari.HikariDataSource-HikariPool-1 - Starting...
12:31:06.772 [Test worker] INFO  com.zaxxer.hikari.pool.HikariPool-HikariPool-1 - Added connection org.mariadb.jdbc.Connection@4201a617
12:31:06.774 [Test worker] INFO  com.zaxxer.hikari.HikariDataSource-HikariPool-1 - Start completed.
TodoVO(tno=13, title=제목만 변경해보기., dueDate=2025-06-26, finished=false)
]]></system-out>
  <system-err><![CDATA[]]></system-err>
</testsuite>
