<?xml version="1.0" encoding="UTF-8"?>
<testsuite name="com.busanit501.dao.MemberDAOTests" tests="1" skipped="0" failures="0" errors="0" timestamp="2025-06-27T03:19:27" hostname="DESKTOP-U4QFL6E" time="0.151">
  <properties/>
  <testcase name="getMember()" classname="com.busanit501.dao.MemberDAOTests" time="0.151"/>
  <system-out><![CDATA[12:19:27.338 [Test worker] INFO  com.zaxxer.hikari.HikariDataSource-HikariPool-1 - Starting...
12:19:27.433 [Test worker] INFO  com.zaxxer.hikari.pool.HikariPool-HikariPool-1 - Added connection org.mariadb.jdbc.Connection@6a175569
12:19:27.434 [Test worker] INFO  com.zaxxer.hikari.HikariDataSource-HikariPool-1 - Start completed.
12:19:27.451 [Test worker] INFO  com.busanit501.dao.MemberDAOTests-조회한 멤버 : MemberVO(mid=lsy, mpw=1234, mname=null)
]]></system-out>
  <system-err><![CDATA[]]></system-err>
</testsuite>
